SF:lib/command/draw_path.dart
DA:6,2
DA:13,1
DA:15,3
LF:3
LH:3
end_of_record
SF:lib/command/command.dart
DA:2,0
LF:1
LH:0
end_of_record
SF:lib/command/command_manager.dart
DA:4,1
LF:1
LH:1
end_of_record
SF:lib/command/draw_command.dart
DA:6,0
LF:1
LH:0
end_of_record
SF:lib/command/sync_command_manager.dart
DA:5,2
LF:1
LH:1
end_of_record
SF:lib/main.dart
DA:5,0
DA:6,0
DA:10,4
DA:12,1
DA:14,1
DA:16,1
DA:18,1
DA:23,1
DA:25,1
LF:9
LH:7
end_of_record
SF:lib/ui/pocket_paint.dart
DA:8,3
DA:10,1
DA:12,1
DA:13,3
DA:21,3
DA:23,1
DA:25,1
DA:28,1
DA:29,1
DA:31,1
DA:32,0
DA:36,1
DA:38,1
DA:39,0
DA:43,1
DA:45,1
DA:46,0
DA:50,1
DA:52,1
DA:53,0
LF:20
LH:16
end_of_record
SF:lib/tool/brush_tool.dart
DA:10,2
DA:11,6
DA:12,3
DA:13,1
DA:14,1
DA:27,1
DA:29,4
DA:30,3
DA:31,4
DA:34,1
DA:36,5
DA:39,1
DA:41,5
DA:42,3
LF:14
LH:14
end_of_record
SF:lib/tool/tool.dart
DA:6,0
LF:1
LH:0
end_of_record
SF:lib/ui/draw_command_painter.dart
DA:5,1
DA:10,1
DA:12,1
DA:13,0
DA:17,0
LF:5
LH:3
end_of_record
SF:lib/ui/drawing_board.dart
DA:9,3
DA:11,1
DA:12,1
DA:16,3
DA:17,2
DA:18,1
DA:19,1
DA:20,1
DA:21,1
DA:22,1
DA:25,1
DA:28,3
DA:29,3
DA:31,1
DA:32,0
DA:33,0
DA:35,0
DA:36,0
DA:38,0
DA:39,0
DA:41,1
DA:42,3
LF:22
LH:16
end_of_record
